<?xml version="1.0" encoding="UTF-8"?>
<testng-results ignored="0" total="2" passed="2" failed="0" skipped="0">
  <reporter-output>
  </reporter-output>
  <suite started-at="2022-06-20T12:07:28 ICT" name="Default suite" finished-at="2022-06-20T12:07:46 ICT" duration-ms="18313">
    <groups>
      <group name="cucumber">
        <method signature="AbstractTestNGCucumberTests.runScenario(io.cucumber.testng.PickleWrapper,io.cucumber.testng.FeatureWrapper)[pri:0, instance:com.nexsoft.cucumber.runner.CucumberRunner@74ea2410]" name="runScenario" class="io.cucumber.testng.AbstractTestNGCucumberTests"/>
      </group> <!-- cucumber -->
    </groups>
    <test started-at="2022-06-20T12:07:28 ICT" name="Default test" finished-at="2022-06-20T12:07:46 ICT" duration-ms="18313">
      <class name="com.nexsoft.cucumber.runner.CucumberRunner">
        <test-method is-config="true" signature="setUpClass(org.testng.ITestContext)[pri:0, instance:com.nexsoft.cucumber.runner.CucumberRunner@74ea2410]" started-at="2022-06-20T12:07:28 ICT" name="setUpClass" finished-at="2022-06-20T12:07:28 ICT" duration-ms="487" status="PASS">
          <params>
            <param index="0">
              <value>
                <![CDATA[org.testng.TestRunner@7a1b8a46]]>
              </value>
            </param>
          </params>
          <reporter-output>
          </reporter-output>
        </test-method> <!-- setUpClass -->
        <test-method signature="runScenario(io.cucumber.testng.PickleWrapper,io.cucumber.testng.FeatureWrapper)[pri:0, instance:com.nexsoft.cucumber.runner.CucumberRunner@74ea2410]" started-at="2022-06-20T12:07:28 ICT" name="runScenario" description="Runs Cucumber Scenarios" data-provider="scenarios" finished-at="2022-06-20T12:07:32 ICT" duration-ms="3902" status="PASS">
          <params>
            <param index="0">
              <value>
                <![CDATA["Login dengan menggunakan valid credential"]]>
              </value>
            </param>
            <param index="1">
              <value>
                <![CDATA["Login to Cicool Dashboard"]]>
              </value>
            </param>
          </params>
          <reporter-output>
          </reporter-output>
        </test-method> <!-- runScenario -->
        <test-method signature="runScenario(io.cucumber.testng.PickleWrapper,io.cucumber.testng.FeatureWrapper)[pri:0, instance:com.nexsoft.cucumber.runner.CucumberRunner@74ea2410]" started-at="2022-06-20T12:07:32 ICT" name="runScenario" description="Runs Cucumber Scenarios" data-provider="scenarios" finished-at="2022-06-20T12:07:35 ICT" duration-ms="2611" status="PASS">
          <params>
            <param index="0">
              <value>
                <![CDATA["Login dengan menggunakan credential tidak valid"]]>
              </value>
            </param>
            <param index="1">
              <value>
                <![CDATA["Login to Cicool Dashboard"]]>
              </value>
            </param>
          </params>
          <reporter-output>
          </reporter-output>
        </test-method> <!-- runScenario -->
        <test-method is-config="true" signature="tearDownClass()[pri:0, instance:com.nexsoft.cucumber.runner.CucumberRunner@74ea2410]" started-at="2022-06-20T12:07:35 ICT" name="tearDownClass" finished-at="2022-06-20T12:07:46 ICT" duration-ms="11271" status="PASS">
          <reporter-output>
          </reporter-output>
        </test-method> <!-- tearDownClass -->
      </class> <!-- com.nexsoft.cucumber.runner.CucumberRunner -->
    </test> <!-- Default test -->
  </suite> <!-- Default suite -->
</testng-results>
